<?xml version="1.0" encoding="UTF-8"?>
<!-- Generated by org.testng.reporters.JUnitReportReporter -->
<testsuite skipped="0" hostname="SUD-PC" name="com.tomvc.qa.testcases.Addition_todos_test" tests="6" failures="0" timestamp="2020-07-03T15:36:13 IST" time="309.777" errors="0">
  <testcase name="tc4" time="63.518" classname="com.tomvc.qa.testcases.Addition_todos_test"/>
  <testcase name="tc6" time="48.051" classname="com.tomvc.qa.testcases.Addition_todos_test"/>
  <testcase name="tc7" time="60.612" classname="com.tomvc.qa.testcases.Addition_todos_test"/>
  <testcase name="tc8" time="48.981" classname="com.tomvc.qa.testcases.Addition_todos_test"/>
  <testcase name="tc9" time="54.013" classname="com.tomvc.qa.testcases.Addition_todos_test"/>
  <testcase name="tc10" time="34.602" classname="com.tomvc.qa.testcases.Addition_todos_test"/>
</testsuite> <!-- com.tomvc.qa.testcases.Addition_todos_test -->
