<?xml version="1.0" encoding="UTF-8"?>
<!-- Generated by org.testng.reporters.JUnitReportReporter -->
<testsuite skipped="0" hostname="SUD-PC" name="com.tomvc.qa.testcases.Validation_tab" tests="7" failures="0" timestamp="2020-07-03T15:36:13 IST" time="453.417" errors="0">
  <testcase name="tc11" time="52.695" classname="com.tomvc.qa.testcases.Validation_tab"/>
  <testcase name="tc12" time="72.342" classname="com.tomvc.qa.testcases.Validation_tab"/>
  <testcase name="tc13" time="62.634" classname="com.tomvc.qa.testcases.Validation_tab"/>
  <testcase name="tc14" time="60.369" classname="com.tomvc.qa.testcases.Validation_tab"/>
  <testcase name="tc15" time="68.094" classname="com.tomvc.qa.testcases.Validation_tab"/>
  <testcase name="tc16" time="72.953" classname="com.tomvc.qa.testcases.Validation_tab"/>
  <testcase name="tc17" time="64.330" classname="com.tomvc.qa.testcases.Validation_tab"/>
</testsuite> <!-- com.tomvc.qa.testcases.Validation_tab -->
