<?xml version="1.0" encoding="UTF-8"?>
<!-- Generated by org.testng.reporters.JUnitReportReporter -->
<testsuite skipped="0" hostname="SUD-PC" name="com.tomvc.qa.testcases.Validation_site" tests="2" failures="0" timestamp="2020-07-03T15:36:13 IST" time="76.781" errors="0">
  <testcase name="tc2" time="23.998" classname="com.tomvc.qa.testcases.Validation_site"/>
  <testcase name="tc3" time="52.783" classname="com.tomvc.qa.testcases.Validation_site"/>
</testsuite> <!-- com.tomvc.qa.testcases.Validation_site -->
